<?xml version="1.0" encoding="UTF-8"?>
<!-- Generated by org.testng.reporters.JUnitXMLReporter -->
<testsuite ignored="7" hostname="Sandunis-MacBook-Air.local" failures="0" tests="8" name="Test" time="533.241" errors="0" timestamp="2024-09-29T08:27:09 GST">
  <testcase classname="org.testing.testScripts.TC1" name="testcase1" time="63.446"/>
  <testcase classname="org.testing.testScripts.TC2" name="testcase2" time="54.508"/>
  <testcase classname="org.testing.testScripts.TC3" name="testcase3" time="56.406"/>
  <testcase classname="org.testing.testScripts.TC4" name="testcase4" time="63.798"/>
  <testcase classname="org.testing.testScripts.TC5" name="testcase5" time="70.917"/>
  <testcase classname="org.testing.testScripts.TC6" name="testcase6" time="49.599"/>
  <testcase classname="org.testing.testScripts.TC7" name="testcase7" time="56.127"/>
  <testcase classname="org.testing.testScripts.TC8" name="testcase8" time="56.061"/>
  <testcase classname="org.testing.Base.Base" name="@BeforeSuite setupSuite" time="0.0">
    <ignored/>
  </testcase> <!-- @BeforeSuite setupSuite -->
  <testcase classname="org.testing.Base.Base" name="@BeforeSuite setupSuite" time="0.0">
    <ignored/>
  </testcase> <!-- @BeforeSuite setupSuite -->
  <testcase classname="org.testing.Base.Base" name="@BeforeSuite setupSuite" time="0.0">
    <ignored/>
  </testcase> <!-- @BeforeSuite setupSuite -->
  <testcase classname="org.testing.Base.Base" name="@BeforeSuite setupSuite" time="0.0">
    <ignored/>
  </testcase> <!-- @BeforeSuite setupSuite -->
  <testcase classname="org.testing.Base.Base" name="@BeforeSuite setupSuite" time="0.0">
    <ignored/>
  </testcase> <!-- @BeforeSuite setupSuite -->
  <testcase classname="org.testing.Base.Base" name="@BeforeSuite setupSuite" time="0.0">
    <ignored/>
  </testcase> <!-- @BeforeSuite setupSuite -->
  <testcase classname="org.testing.Base.Base" name="@BeforeSuite setupSuite" time="0.0">
    <ignored/>
  </testcase> <!-- @BeforeSuite setupSuite -->
</testsuite> <!-- Test -->
