<?xml version="1.0" encoding="UTF-8"?>
<!-- Generated by org.testng.reporters.JUnitXMLReporter -->
<testsuite hostname="Sandunis-MacBook-Air.local" failures="0" tests="4" name="Command line test 0c992721-cd79-4f65-ad4d-bea5e2b9a5e7" time="136.195" errors="0" timestamp="2 Sep 2024 06:18:17 GMT">
  <testcase classname="org.testing.testScripts.TC1" name="testcase1" time="26.167"/>
  <testcase classname="org.testing.testScripts.TC2" name="testcase2" time="24.114"/>
  <testcase classname="org.testing.testScripts.TC3" name="testcase3" time="24.837"/>
  <testcase classname="org.testing.testScripts.TC4" name="testcase4" time="30.9"/>
</testsuite>
