<?xml version="1.0" encoding="UTF-8"?>
<!-- Generated by org.testng.reporters.JUnitXMLReporter -->
<testsuite hostname="Sandunis-MacBook-Air.local" failures="0" tests="4" name="Command line test 73cc36d9-daa6-4cef-b6be-2250db2ca1c1" time="138.107" errors="0" timestamp="2 Sep 2024 06:00:28 GMT">
  <testcase classname="org.testing.testScripts.TC1" name="testcase1" time="26.316"/>
  <testcase classname="org.testing.testScripts.TC2" name="testcase2" time="24.973"/>
  <testcase classname="org.testing.testScripts.TC3" name="testcase3" time="24.767"/>
  <testcase classname="org.testing.testScripts.TC4" name="testcase4" time="30.464"/>
</testsuite>
