<?xml version="1.0" encoding="UTF-8"?>
<!-- Generated by org.testng.reporters.JUnitXMLReporter -->
<testsuite hostname="Sandunis-MacBook-Air.local" failures="0" tests="8" name="Test" time="290.407" errors="0" timestamp="2 Sep 2024 07:31:17 GMT">
  <testcase classname="org.testing.testScripts.TC1" name="testcase1" time="26.042"/>
  <testcase classname="org.testing.testScripts.TC2" name="testcase2" time="7.716"/>
  <testcase classname="org.testing.testScripts.TC3" name="testcase3" time="25.052"/>
  <testcase classname="org.testing.testScripts.TC4" name="testcase4" time="30.343"/>
  <testcase classname="org.testing.testScripts.TC5" name="testcase5" time="33.391"/>
  <testcase classname="org.testing.testScripts.TC6" name="testcase6" time="51.847"/>
  <testcase classname="org.testing.testScripts.TC7" name="testcase7" time="28.267"/>
  <testcase classname="org.testing.testScripts.TC8" name="testcase8" time="28.155"/>
</testsuite>
