<?xml version="1.0" encoding="UTF-8"?>
<!-- Generated by org.testng.reporters.JUnitXMLReporter -->
<testsuite ignored="6" hostname="Sandunis-MacBook-Air.local" failures="0" tests="7" name="Test" time="536.043" errors="0" timestamp="2024-09-29T16:17:40 GST">
  <testcase classname="org.testing.testScripts.TC1" name="testcase1" time="62.721"/>
  <testcase classname="org.testing.testScripts.TC2" name="testcase2" time="54.583"/>
  <testcase classname="org.testing.testScripts.TC3" name="testcase3" time="55.584"/>
  <testcase classname="org.testing.testScripts.TC4" name="testcase4" time="64.048"/>
  <testcase classname="org.testing.testScripts.TC5" name="testcase5" time="121.672"/>
  <testcase classname="org.testing.testScripts.TC7" name="testcase7" time="53.538"/>
  <testcase classname="org.testing.testScripts.TC8" name="testcase8" time="55.309"/>
  <testcase classname="org.testing.Base.Base" name="@BeforeSuite setupSuite" time="0.0">
    <ignored/>
  </testcase> <!-- @BeforeSuite setupSuite -->
  <testcase classname="org.testing.Base.Base" name="@BeforeSuite setupSuite" time="0.0">
    <ignored/>
  </testcase> <!-- @BeforeSuite setupSuite -->
  <testcase classname="org.testing.Base.Base" name="@BeforeSuite setupSuite" time="0.0">
    <ignored/>
  </testcase> <!-- @BeforeSuite setupSuite -->
  <testcase classname="org.testing.Base.Base" name="@BeforeSuite setupSuite" time="0.0">
    <ignored/>
  </testcase> <!-- @BeforeSuite setupSuite -->
  <testcase classname="org.testing.Base.Base" name="@BeforeSuite setupSuite" time="0.0">
    <ignored/>
  </testcase> <!-- @BeforeSuite setupSuite -->
  <testcase classname="org.testing.Base.Base" name="@BeforeSuite setupSuite" time="0.0">
    <ignored/>
  </testcase> <!-- @BeforeSuite setupSuite -->
</testsuite> <!-- Test -->
