<?xml version="1.0" encoding="UTF-8"?>
<testng-results ignored="6" total="13" passed="7" failed="0" skipped="0">
  <reporter-output>
  </reporter-output>
  <suite started-at="2024-09-29T16:08:44 GST" name="Suite" finished-at="2024-09-29T16:17:40 GST" duration-ms="536043">
    <groups>
    </groups>
    <test started-at="2024-09-29T16:08:44 GST" name="Test" finished-at="2024-09-29T16:17:40 GST" duration-ms="536043">
      <class name="org.testing.testScripts.TC7">
        <test-method is-config="true" signature="init()[pri:0, instance:org.testing.testScripts.TC7@b62fe6d]" started-at="2024-09-29T16:15:34 GST" name="init" finished-at="2024-09-29T16:15:41 GST" duration-ms="7103" status="PASS">
          <reporter-output>
          </reporter-output>
        </test-method> <!-- init -->
        <test-method signature="testcase7()[pri:0, instance:org.testing.testScripts.TC7@b62fe6d]" started-at="2024-09-29T16:15:41 GST" name="testcase7" finished-at="2024-09-29T16:16:35 GST" duration-ms="53538" status="PASS">
          <reporter-output>
          </reporter-output>
        </test-method> <!-- testcase7 -->
        <test-method is-config="true" signature="closure()[pri:0, instance:org.testing.testScripts.TC7@b62fe6d]" started-at="2024-09-29T16:16:35 GST" name="closure" finished-at="2024-09-29T16:16:37 GST" duration-ms="2130" status="PASS">
          <reporter-output>
          </reporter-output>
        </test-method> <!-- closure -->
      </class> <!-- org.testing.testScripts.TC7 -->
      <class name="org.testing.testScripts.TC8">
        <test-method is-config="true" signature="init()[pri:0, instance:org.testing.testScripts.TC8@13acb0d1]" started-at="2024-09-29T16:16:37 GST" name="init" finished-at="2024-09-29T16:16:42 GST" duration-ms="5714" status="PASS">
          <reporter-output>
          </reporter-output>
        </test-method> <!-- init -->
        <test-method signature="testcase8()[pri:0, instance:org.testing.testScripts.TC8@13acb0d1]" started-at="2024-09-29T16:16:42 GST" name="testcase8" finished-at="2024-09-29T16:17:38 GST" duration-ms="55309" status="PASS">
          <reporter-output>
          </reporter-output>
        </test-method> <!-- testcase8 -->
        <test-method is-config="true" signature="closure()[pri:0, instance:org.testing.testScripts.TC8@13acb0d1]" started-at="2024-09-29T16:17:38 GST" name="closure" finished-at="2024-09-29T16:17:40 GST" duration-ms="2150" status="PASS">
          <reporter-output>
          </reporter-output>
        </test-method> <!-- closure -->
      </class> <!-- org.testing.testScripts.TC8 -->
      <class name="org.testing.testScripts.TC1">
        <test-method is-config="true" signature="setupSuite()[pri:0, instance:org.testing.testScripts.TC1@143640d5]" started-at="2024-09-29T16:08:44 GST" name="setupSuite" finished-at="2024-09-29T16:08:44 GST" duration-ms="161" status="PASS">
          <reporter-output>
          </reporter-output>
        </test-method> <!-- setupSuite -->
        <test-method is-config="true" signature="init()[pri:0, instance:org.testing.testScripts.TC1@143640d5]" started-at="2024-09-29T16:08:44 GST" name="init" finished-at="2024-09-29T16:08:55 GST" duration-ms="10979" status="PASS">
          <reporter-output>
          </reporter-output>
        </test-method> <!-- init -->
        <test-method signature="testcase1()[pri:0, instance:org.testing.testScripts.TC1@143640d5]" started-at="2024-09-29T16:08:55 GST" name="testcase1" finished-at="2024-09-29T16:09:58 GST" duration-ms="62721" status="PASS">
          <reporter-output>
          </reporter-output>
        </test-method> <!-- testcase1 -->
        <test-method is-config="true" signature="closure()[pri:0, instance:org.testing.testScripts.TC1@143640d5]" started-at="2024-09-29T16:09:58 GST" name="closure" finished-at="2024-09-29T16:10:00 GST" duration-ms="2146" status="PASS">
          <reporter-output>
          </reporter-output>
        </test-method> <!-- closure -->
      </class> <!-- org.testing.testScripts.TC1 -->
      <class name="org.testing.testScripts.TC2">
        <test-method is-config="true" signature="init()[pri:0, instance:org.testing.testScripts.TC2@5c1a8622]" started-at="2024-09-29T16:10:00 GST" name="init" finished-at="2024-09-29T16:10:09 GST" duration-ms="9291" status="PASS">
          <reporter-output>
          </reporter-output>
        </test-method> <!-- init -->
        <test-method signature="testcase2()[pri:0, instance:org.testing.testScripts.TC2@5c1a8622]" started-at="2024-09-29T16:10:09 GST" name="testcase2" finished-at="2024-09-29T16:11:04 GST" duration-ms="54583" status="PASS">
          <reporter-output>
          </reporter-output>
        </test-method> <!-- testcase2 -->
        <test-method is-config="true" signature="closure()[pri:0, instance:org.testing.testScripts.TC2@5c1a8622]" started-at="2024-09-29T16:11:04 GST" name="closure" finished-at="2024-09-29T16:11:06 GST" duration-ms="2149" status="PASS">
          <reporter-output>
          </reporter-output>
        </test-method> <!-- closure -->
      </class> <!-- org.testing.testScripts.TC2 -->
      <class name="org.testing.testScripts.TC5">
        <test-method is-config="true" signature="init()[pri:0, instance:org.testing.testScripts.TC5@3c153a1]" started-at="2024-09-29T16:13:21 GST" name="init" finished-at="2024-09-29T16:13:30 GST" duration-ms="8760" status="PASS">
          <reporter-output>
          </reporter-output>
        </test-method> <!-- init -->
        <test-method signature="testcase5()[pri:0, instance:org.testing.testScripts.TC5@3c153a1]" started-at="2024-09-29T16:13:30 GST" name="testcase5" finished-at="2024-09-29T16:15:32 GST" duration-ms="121672" status="PASS">
          <reporter-output>
          </reporter-output>
        </test-method> <!-- testcase5 -->
        <test-method is-config="true" signature="closure()[pri:0, instance:org.testing.testScripts.TC5@3c153a1]" started-at="2024-09-29T16:15:32 GST" name="closure" finished-at="2024-09-29T16:15:34 GST" duration-ms="2134" status="PASS">
          <reporter-output>
          </reporter-output>
        </test-method> <!-- closure -->
      </class> <!-- org.testing.testScripts.TC5 -->
      <class name="org.testing.testScripts.TC3">
        <test-method is-config="true" signature="init()[pri:0, instance:org.testing.testScripts.TC3@5ad851c9]" started-at="2024-09-29T16:11:06 GST" name="init" finished-at="2024-09-29T16:11:11 GST" duration-ms="5548" status="PASS">
          <reporter-output>
          </reporter-output>
        </test-method> <!-- init -->
        <test-method signature="testcase3()[pri:0, instance:org.testing.testScripts.TC3@5ad851c9]" started-at="2024-09-29T16:11:11 GST" name="testcase3" finished-at="2024-09-29T16:12:07 GST" duration-ms="55584" status="PASS">
          <reporter-output>
          </reporter-output>
        </test-method> <!-- testcase3 -->
        <test-method is-config="true" signature="closure()[pri:0, instance:org.testing.testScripts.TC3@5ad851c9]" started-at="2024-09-29T16:12:07 GST" name="closure" finished-at="2024-09-29T16:12:09 GST" duration-ms="2190" status="PASS">
          <reporter-output>
          </reporter-output>
        </test-method> <!-- closure -->
      </class> <!-- org.testing.testScripts.TC3 -->
      <class name="org.testing.testScripts.TC4">
        <test-method is-config="true" signature="init()[pri:0, instance:org.testing.testScripts.TC4@6156496]" started-at="2024-09-29T16:12:09 GST" name="init" finished-at="2024-09-29T16:12:15 GST" duration-ms="6009" status="PASS">
          <reporter-output>
          </reporter-output>
        </test-method> <!-- init -->
        <test-method signature="testcase4()[pri:0, instance:org.testing.testScripts.TC4@6156496]" started-at="2024-09-29T16:12:15 GST" name="testcase4" finished-at="2024-09-29T16:13:19 GST" duration-ms="64048" status="PASS">
          <reporter-output>
          </reporter-output>
        </test-method> <!-- testcase4 -->
        <test-method is-config="true" signature="closure()[pri:0, instance:org.testing.testScripts.TC4@6156496]" started-at="2024-09-29T16:13:19 GST" name="closure" finished-at="2024-09-29T16:13:21 GST" duration-ms="2143" status="PASS">
          <reporter-output>
          </reporter-output>
        </test-method> <!-- closure -->
      </class> <!-- org.testing.testScripts.TC4 -->
    </test> <!-- Test -->
  </suite> <!-- Suite -->
</testng-results>
