<?xml version="1.0" encoding="UTF-8"?>
<testng-results ignored="7" total="15" passed="8" failed="0" skipped="0">
  <reporter-output>
  </reporter-output>
  <suite started-at="2024-09-29T08:18:16 GST" name="Suite" finished-at="2024-09-29T08:27:09 GST" duration-ms="533241">
    <groups>
    </groups>
    <test started-at="2024-09-29T08:18:16 GST" name="Test" finished-at="2024-09-29T08:27:09 GST" duration-ms="533241">
      <class name="org.testing.testScripts.TC7">
        <test-method is-config="true" signature="init()[pri:0, instance:org.testing.testScripts.TC7@7722c3c3]" started-at="2024-09-29T08:25:02 GST" name="init" finished-at="2024-09-29T08:25:07 GST" duration-ms="5089" status="PASS">
          <reporter-output>
          </reporter-output>
        </test-method> <!-- init -->
        <test-method signature="testcase7()[pri:0, instance:org.testing.testScripts.TC7@7722c3c3]" started-at="2024-09-29T08:25:07 GST" name="testcase7" finished-at="2024-09-29T08:26:03 GST" duration-ms="56127" status="PASS">
          <reporter-output>
          </reporter-output>
        </test-method> <!-- testcase7 -->
        <test-method is-config="true" signature="closure()[pri:0, instance:org.testing.testScripts.TC7@7722c3c3]" started-at="2024-09-29T08:26:03 GST" name="closure" finished-at="2024-09-29T08:26:06 GST" duration-ms="2143" status="PASS">
          <reporter-output>
          </reporter-output>
        </test-method> <!-- closure -->
      </class> <!-- org.testing.testScripts.TC7 -->
      <class name="org.testing.testScripts.TC8">
        <test-method is-config="true" signature="init()[pri:0, instance:org.testing.testScripts.TC8@2ef3eef9]" started-at="2024-09-29T08:26:06 GST" name="init" finished-at="2024-09-29T08:26:11 GST" duration-ms="5279" status="PASS">
          <reporter-output>
          </reporter-output>
        </test-method> <!-- init -->
        <test-method signature="testcase8()[pri:0, instance:org.testing.testScripts.TC8@2ef3eef9]" started-at="2024-09-29T08:26:11 GST" name="testcase8" finished-at="2024-09-29T08:27:07 GST" duration-ms="56061" status="PASS">
          <reporter-output>
          </reporter-output>
        </test-method> <!-- testcase8 -->
        <test-method is-config="true" signature="closure()[pri:0, instance:org.testing.testScripts.TC8@2ef3eef9]" started-at="2024-09-29T08:27:07 GST" name="closure" finished-at="2024-09-29T08:27:09 GST" duration-ms="2136" status="PASS">
          <reporter-output>
          </reporter-output>
        </test-method> <!-- closure -->
      </class> <!-- org.testing.testScripts.TC8 -->
      <class name="org.testing.testScripts.TC1">
        <test-method is-config="true" signature="setupSuite()[pri:0, instance:org.testing.testScripts.TC1@3d51f06e]" started-at="2024-09-29T08:18:16 GST" name="setupSuite" finished-at="2024-09-29T08:18:16 GST" duration-ms="82" status="PASS">
          <reporter-output>
          </reporter-output>
        </test-method> <!-- setupSuite -->
        <test-method is-config="true" signature="init()[pri:0, instance:org.testing.testScripts.TC1@3d51f06e]" started-at="2024-09-29T08:18:16 GST" name="init" finished-at="2024-09-29T08:18:24 GST" duration-ms="8394" status="PASS">
          <reporter-output>
          </reporter-output>
        </test-method> <!-- init -->
        <test-method signature="testcase1()[pri:0, instance:org.testing.testScripts.TC1@3d51f06e]" started-at="2024-09-29T08:18:24 GST" name="testcase1" finished-at="2024-09-29T08:19:28 GST" duration-ms="63446" status="PASS">
          <reporter-output>
          </reporter-output>
        </test-method> <!-- testcase1 -->
        <test-method is-config="true" signature="closure()[pri:0, instance:org.testing.testScripts.TC1@3d51f06e]" started-at="2024-09-29T08:19:28 GST" name="closure" finished-at="2024-09-29T08:19:30 GST" duration-ms="2139" status="PASS">
          <reporter-output>
          </reporter-output>
        </test-method> <!-- closure -->
      </class> <!-- org.testing.testScripts.TC1 -->
      <class name="org.testing.testScripts.TC2">
        <test-method is-config="true" signature="init()[pri:0, instance:org.testing.testScripts.TC2@130161f7]" started-at="2024-09-29T08:19:30 GST" name="init" finished-at="2024-09-29T08:19:35 GST" duration-ms="5322" status="PASS">
          <reporter-output>
          </reporter-output>
        </test-method> <!-- init -->
        <test-method signature="testcase2()[pri:0, instance:org.testing.testScripts.TC2@130161f7]" started-at="2024-09-29T08:19:35 GST" name="testcase2" finished-at="2024-09-29T08:20:30 GST" duration-ms="54508" status="PASS">
          <reporter-output>
          </reporter-output>
        </test-method> <!-- testcase2 -->
        <test-method is-config="true" signature="closure()[pri:0, instance:org.testing.testScripts.TC2@130161f7]" started-at="2024-09-29T08:20:30 GST" name="closure" finished-at="2024-09-29T08:20:32 GST" duration-ms="2129" status="PASS">
          <reporter-output>
          </reporter-output>
        </test-method> <!-- closure -->
      </class> <!-- org.testing.testScripts.TC2 -->
      <class name="org.testing.testScripts.TC5">
        <test-method is-config="true" signature="init()[pri:0, instance:org.testing.testScripts.TC5@708f5957]" started-at="2024-09-29T08:22:48 GST" name="init" finished-at="2024-09-29T08:22:52 GST" duration-ms="4683" status="PASS">
          <reporter-output>
          </reporter-output>
        </test-method> <!-- init -->
        <test-method signature="testcase5()[pri:0, instance:org.testing.testScripts.TC5@708f5957]" started-at="2024-09-29T08:22:52 GST" name="testcase5" finished-at="2024-09-29T08:24:03 GST" duration-ms="70917" status="PASS">
          <reporter-output>
          </reporter-output>
        </test-method> <!-- testcase5 -->
        <test-method is-config="true" signature="closure()[pri:0, instance:org.testing.testScripts.TC5@708f5957]" started-at="2024-09-29T08:24:03 GST" name="closure" finished-at="2024-09-29T08:24:05 GST" duration-ms="2139" status="PASS">
          <reporter-output>
          </reporter-output>
        </test-method> <!-- closure -->
      </class> <!-- org.testing.testScripts.TC5 -->
      <class name="org.testing.testScripts.TC6">
        <test-method is-config="true" signature="init()[pri:0, instance:org.testing.testScripts.TC6@68999068]" started-at="2024-09-29T08:24:05 GST" name="init" finished-at="2024-09-29T08:24:10 GST" duration-ms="5131" status="PASS">
          <reporter-output>
          </reporter-output>
        </test-method> <!-- init -->
        <test-method signature="testcase6()[pri:0, instance:org.testing.testScripts.TC6@68999068]" started-at="2024-09-29T08:24:10 GST" name="testcase6" finished-at="2024-09-29T08:25:00 GST" duration-ms="49599" status="PASS">
          <reporter-output>
          </reporter-output>
        </test-method> <!-- testcase6 -->
        <test-method is-config="true" signature="closure()[pri:0, instance:org.testing.testScripts.TC6@68999068]" started-at="2024-09-29T08:25:00 GST" name="closure" finished-at="2024-09-29T08:25:02 GST" duration-ms="2129" status="PASS">
          <reporter-output>
          </reporter-output>
        </test-method> <!-- closure -->
      </class> <!-- org.testing.testScripts.TC6 -->
      <class name="org.testing.testScripts.TC3">
        <test-method is-config="true" signature="init()[pri:0, instance:org.testing.testScripts.TC3@2c767a52]" started-at="2024-09-29T08:20:32 GST" name="init" finished-at="2024-09-29T08:20:37 GST" duration-ms="5090" status="PASS">
          <reporter-output>
          </reporter-output>
        </test-method> <!-- init -->
        <test-method signature="testcase3()[pri:0, instance:org.testing.testScripts.TC3@2c767a52]" started-at="2024-09-29T08:20:37 GST" name="testcase3" finished-at="2024-09-29T08:21:33 GST" duration-ms="56406" status="PASS">
          <reporter-output>
          </reporter-output>
        </test-method> <!-- testcase3 -->
        <test-method is-config="true" signature="closure()[pri:0, instance:org.testing.testScripts.TC3@2c767a52]" started-at="2024-09-29T08:21:33 GST" name="closure" finished-at="2024-09-29T08:21:35 GST" duration-ms="2185" status="PASS">
          <reporter-output>
          </reporter-output>
        </test-method> <!-- closure -->
      </class> <!-- org.testing.testScripts.TC3 -->
      <class name="org.testing.testScripts.TC4">
        <test-method is-config="true" signature="init()[pri:0, instance:org.testing.testScripts.TC4@619713e5]" started-at="2024-09-29T08:21:35 GST" name="init" finished-at="2024-09-29T08:21:42 GST" duration-ms="6189" status="PASS">
          <reporter-output>
          </reporter-output>
        </test-method> <!-- init -->
        <test-method signature="testcase4()[pri:0, instance:org.testing.testScripts.TC4@619713e5]" started-at="2024-09-29T08:21:42 GST" name="testcase4" finished-at="2024-09-29T08:22:45 GST" duration-ms="63798" status="PASS">
          <reporter-output>
          </reporter-output>
        </test-method> <!-- testcase4 -->
        <test-method is-config="true" signature="closure()[pri:0, instance:org.testing.testScripts.TC4@619713e5]" started-at="2024-09-29T08:22:45 GST" name="closure" finished-at="2024-09-29T08:22:48 GST" duration-ms="2137" status="PASS">
          <reporter-output>
          </reporter-output>
        </test-method> <!-- closure -->
      </class> <!-- org.testing.testScripts.TC4 -->
    </test> <!-- Test -->
  </suite> <!-- Suite -->
</testng-results>
