<?xml version="1.0" encoding="UTF-8"?>
<testng-results ignored="0" total="1" passed="1" failed="0" skipped="0">
  <reporter-output>
  </reporter-output>
  <suite started-at="2024-10-11T22:22:45 GST" name="Default suite" finished-at="2024-10-11T22:24:04 GST" duration-ms="78022">
    <groups>
    </groups>
    <test started-at="2024-10-11T22:22:45 GST" name="Default test" finished-at="2024-10-11T22:24:04 GST" duration-ms="78022">
      <class name="org.testing.testScripts.TC6">
        <test-method is-config="true" signature="setupSuite()[pri:0, instance:org.testing.testScripts.TC6@4ac3c60d]" started-at="2024-10-11T22:22:45 GST" name="setupSuite" finished-at="2024-10-11T22:22:45 GST" duration-ms="52" status="PASS">
          <reporter-output>
          </reporter-output>
        </test-method> <!-- setupSuite -->
        <test-method is-config="true" signature="init()[pri:0, instance:org.testing.testScripts.TC6@4ac3c60d]" started-at="2024-10-11T22:22:46 GST" name="init" finished-at="2024-10-11T22:22:51 GST" duration-ms="5365" status="PASS">
          <reporter-output>
          </reporter-output>
        </test-method> <!-- init -->
        <test-method signature="testcase6()[pri:0, instance:org.testing.testScripts.TC6@4ac3c60d]" started-at="2024-10-11T22:22:51 GST" name="testcase6" finished-at="2024-10-11T22:24:01 GST" duration-ms="70495" status="PASS">
          <reporter-output>
          </reporter-output>
        </test-method> <!-- testcase6 -->
        <test-method is-config="true" signature="closure()[pri:0, instance:org.testing.testScripts.TC6@4ac3c60d]" started-at="2024-10-11T22:24:01 GST" name="closure" finished-at="2024-10-11T22:24:04 GST" duration-ms="2146" status="PASS">
          <reporter-output>
          </reporter-output>
        </test-method> <!-- closure -->
      </class> <!-- org.testing.testScripts.TC6 -->
    </test> <!-- Default test -->
  </suite> <!-- Default suite -->
</testng-results>
